Removed Pin From Net: NetName=USB_VBUS Pin=C2-1
Removed Pin From Net: NetName=USB_VBUS Pin=C3-1
Removed Pin From Net: NetName=USB_VBUS Pin=C4-1
Removed Pin From Net: NetName=GND Pin=C4-2
Removed Pin From Net: NetName=GND Pin=R1-1
Removed Pin From Net: NetName=NetJ1_A5 Pin=R1-2
Removed Pin From Net: NetName=NetJ1_B5 Pin=R2-1
Removed Pin From Net: NetName=GND Pin=R2-2
Removed Member From Class: ClassName=SWatch_Sheematic Member=U4
Change Component Footprint: Designator=C2 Old Footprint=1 uF C805 New Footprint=100 nF C805
Change Component Footprint: Designator=C3 Old Footprint=100 nF C805 New Footprint=10uF C805
Change Component Comment : Designator=C3 Old Comment=100 nF New Comment=10 uF
Change Component Comment : Designator=C2 Old Comment=470 nF C805 New Comment=100 nF
Change Component Designator: OldDesignator=C5 NewDesignator=C4
Change Component Designator: OldDesignator=C6 NewDesignator=C5
Change Component Designator: OldDesignator=C7 NewDesignator=C6
Change Component Designator: OldDesignator=C8 NewDesignator=C10
Change Component Designator: OldDesignator=C9 NewDesignator=C11
Change Component Designator: OldDesignator=R3 NewDesignator=R1
Change Component Designator: OldDesignator=U1 NewDesignator=U2
Change Component Designator: OldDesignator=U4 NewDesignator=U3
Added Component: Designator=C7(1 uF C805)
Add component. Clean all parameters for all variants
Added Component: Designator=C8(100 nF C805)
Add component. Clean all parameters for all variants
Added Component: Designator=C9(1 uF C805)
Add component. Clean all parameters for all variants
Added Component: Designator=R3(1K R805)
Add component. Clean all parameters for all variants
Added Component: Designator=U1(LD1117DT3.3V)
Add component. Clean all parameters for all variants
Added Pin To Net: NetName=USB_VBUS Pin=C7-1
Added Pin To Net: NetName=GND Pin=C7-2
Added Pin To Net: NetName=USB_VBUS Pin=C8-1
Added Pin To Net: NetName=GND Pin=C8-2
Added Pin To Net: NetName=USB_VBUS Pin=C9-1
Added Pin To Net: NetName=GND Pin=C9-2
Added Pin To Net: NetName=GND Pin=R2-1
Added Pin To Net: NetName=NetJ1_A5 Pin=R2-2
Added Pin To Net: NetName=NetJ1_B5 Pin=R3-1
Added Pin To Net: NetName=GND Pin=R3-2
Added Pin To Net: NetName=GND Pin=U1-1
Added Pin To Net: NetName=GND Pin=U2-23
Added Pin To Net: NetName=GND Pin=U2-35
Added Pin To Net: NetName=GND Pin=U2-47
Change Net Name : Old Net Name=NetC5_2 New Net Name=NetC4_2
Change Net Name : Old Net Name=NetC6_2 New Net Name=NetC5_2
Change Net Name : Old Net Name=NetC7_2 New Net Name=NetC6_2
Change Net Name : Old Net Name=NetC8_1 New Net Name=NetC10_1
Change Net Name : Old Net Name=NetC9_1 New Net Name=NetC11_1
Change Net Name : Old Net Name=NetU1_11 New Net Name=NetU2_11
Change Net Name : Old Net Name=NetU1_12 New Net Name=NetU2_12
Change Net Name : Old Net Name=NetU1_13 New Net Name=NetU2_13
Change Net Name : Old Net Name=NetU1_14 New Net Name=NetU2_14
Change Net Name : Old Net Name=NetU1_15 New Net Name=NetU2_15
Change Net Name : Old Net Name=NetU1_17 New Net Name=NetU2_17
Added Pin To Net: NetName=3.3V Pin=C3-1
Added Pin To Net: NetName=3.3V Pin=U1-4
Added Pin To Net: NetName=3.3V Pin=U2-1
Added Net: Name=3.3V
Added Pin To Net: NetName=VBAT Pin=C2-1
Added Pin To Net: NetName=VBAT Pin=U1-3
Added Net: Name=VBAT
Added Member To Class: ClassName=SWatch_Sheematic Member=Component C10 10 uF
Added Member To Class: ClassName=SWatch_Sheematic Member=Component C11 10 uF
Added Room: Name=SWatch_Sheematic
