Removed Member From Class: ClassName=SWatch_Sheematic Member=J3
Change Component Footprint: Designator=J3 Old Footprint=fpc New Footprint=12401832E402A TYPE-C
Change Component Comment : Designator=J3 Old Comment=FPC New Comment=12401832E402A TYPE-C
Added Component: Designator=C7(4.3 pF C805)
Add component. Clean all parameters for all variants
Added Component: Designator=C8(4.3 pF C805)
Add component. Clean all parameters for all variants
Added Component: Designator=C9(12pF C805)
Add component. Clean all parameters for all variants
Added Component: Designator=C12(12pF C805)
Add component. Clean all parameters for all variants
Added Component: Designator=C13(100 nF C805)
Add component. Clean all parameters for all variants
Added Component: Designator=C14(10uF C805)
Add component. Clean all parameters for all variants
Added Component: Designator=C15(10uF C805)
Add component. Clean all parameters for all variants
Added Component: Designator=C16(10uF C805)
Add component. Clean all parameters for all variants
Added Component: Designator=D3(red led)
Add component. Clean all parameters for all variants
Added Component: Designator=D4(red led)
Add component. Clean all parameters for all variants
Added Component: Designator=J4(BAT -+)
Add component. Clean all parameters for all variants
Added Component: Designator=R7(1K R805)
Add component. Clean all parameters for all variants
Added Component: Designator=R8(1K R805)
Add component. Clean all parameters for all variants
Added Component: Designator=R9(1K R805)
Add component. Clean all parameters for all variants
Added Component: Designator=R10(1K R805)
Add component. Clean all parameters for all variants
Added Component: Designator=R11(1K R805)
Add component. Clean all parameters for all variants
Added Component: Designator=R12(1.2K R805)
Add component. Clean all parameters for all variants
Added Component: Designator=U6(STM32F411CEU6)
Add component. Clean all parameters for all variants
Added Component: Designator=U7(LD1117DT3.3V)
Add component. Clean all parameters for all variants
Added Component: Designator=U8(ESP8266)
Add component. Clean all parameters for all variants
Added Component: Designator=U9(TP4056)
Add component. Clean all parameters for all variants
Added Component: Designator=Y3(32.768 KHZ RTC)
Add component. Clean all parameters for all variants
Added Component: Designator=Y4(HSE Kristal)
Add component. Clean all parameters for all variants
Added Pin To Net: NetName=GND Pin=C7-1
Added Pin To Net: NetName=GND Pin=C8-1
Added Pin To Net: NetName=GND Pin=C9-1
Added Pin To Net: NetName=GND Pin=C12-1
Added Pin To Net: NetName=VBAT Pin=C13-1
Added Pin To Net: NetName=GND Pin=C13-2
Added Pin To Net: NetName=3.3V Pin=C14-1
Added Pin To Net: NetName=GND Pin=C14-2
Added Pin To Net: NetName=GND Pin=C15-2
Added Pin To Net: NetName=GND Pin=C16-2
Added Pin To Net: NetName=GND Pin=J3-A1
Added Pin To Net: NetName=USB_VBUS Pin=J3-A4
Added Pin To Net: NetName=NetJ1_A6 Pin=J3-A6
Added Pin To Net: NetName=NetJ1_A7 Pin=J3-A7
Added Pin To Net: NetName=USB_VBUS Pin=J3-A9
Added Pin To Net: NetName=GND Pin=J3-A12
Added Pin To Net: NetName=GND Pin=J3-B1
Added Pin To Net: NetName=USB_VBUS Pin=J3-B4
Added Pin To Net: NetName=NetJ1_A6 Pin=J3-B6
Added Pin To Net: NetName=NetJ1_A7 Pin=J3-B7
Added Pin To Net: NetName=USB_VBUS Pin=J3-B9
Added Pin To Net: NetName=GND Pin=J3-B12
Added Pin To Net: NetName=GND Pin=J3-S1
Added Pin To Net: NetName=GND Pin=J3-S2
Added Pin To Net: NetName=GND Pin=J3-S3
Added Pin To Net: NetName=GND Pin=J3-S4
Added Pin To Net: NetName=GND Pin=J4-2
Added Pin To Net: NetName=GND Pin=R7-1
Added Pin To Net: NetName=GND Pin=R8-2
Added Pin To Net: NetName=USB_VBUS Pin=R9-2
Added Pin To Net: NetName=GND Pin=R12-2
Added Pin To Net: NetName=GND Pin=U6-8
Added Pin To Net: NetName=3.3V Pin=U6-9
Added Pin To Net: NetName=NetU2_11 Pin=U6-11
Added Pin To Net: NetName=NetU2_12 Pin=U6-12
Added Pin To Net: NetName=NetU2_13 Pin=U6-13
Added Pin To Net: NetName=NetU2_14 Pin=U6-14
Added Pin To Net: NetName=NetU2_15 Pin=U6-15
Added Pin To Net: NetName=NetU2_17 Pin=U6-17
Added Pin To Net: NetName=GND Pin=U6-23
Added Pin To Net: NetName=3.3V Pin=U6-24
Added Pin To Net: NetName=NetU2_30 Pin=U6-30
Added Pin To Net: NetName=NetU2_31 Pin=U6-31
Added Pin To Net: NetName=NetJ1_A6 Pin=U6-34
Added Pin To Net: NetName=GND Pin=U6-35
Added Pin To Net: NetName=3.3V Pin=U6-36
Added Pin To Net: NetName=NetJ1_A7 Pin=U6-37
Added Pin To Net: NetName=GND Pin=U6-47
Added Pin To Net: NetName=3.3V Pin=U6-48
Added Pin To Net: NetName=GND Pin=U7-1
Added Pin To Net: NetName=VBAT Pin=U7-3
Added Pin To Net: NetName=3.3V Pin=U7-4
Added Pin To Net: NetName=3.3V Pin=U8-8
Added Pin To Net: NetName=GND Pin=U8-15
Added Pin To Net: NetName=NetU2_31 Pin=U8-21
Added Pin To Net: NetName=NetU2_30 Pin=U8-22
Added Pin To Net: NetName=GND Pin=U9-1
Added Pin To Net: NetName=GND Pin=U9-3
Added Pin To Net: NetName=NetC7_2 Pin=C7-2
Added Pin To Net: NetName=NetC7_2 Pin=U6-3
Added Pin To Net: NetName=NetC7_2 Pin=Y3-1
Added Net: Name=NetC7_2
Added Pin To Net: NetName=NetC8_2 Pin=C8-2
Added Pin To Net: NetName=NetC8_2 Pin=U6-4
Added Pin To Net: NetName=NetC8_2 Pin=Y3-2
Added Net: Name=NetC8_2
Added Pin To Net: NetName=NetC9_2 Pin=C9-2
Added Pin To Net: NetName=NetC9_2 Pin=U6-5
Added Pin To Net: NetName=NetC9_2 Pin=Y4-1
Added Net: Name=NetC9_2
Added Pin To Net: NetName=NetC12_2 Pin=C12-2
Added Pin To Net: NetName=NetC12_2 Pin=U6-6
Added Pin To Net: NetName=NetC12_2 Pin=Y4-3
Added Net: Name=NetC12_2
Added Pin To Net: NetName=NetC15_1 Pin=C15-1
Added Pin To Net: NetName=NetC15_1 Pin=D3-A
Added Pin To Net: NetName=NetC15_1 Pin=D4-A
Added Pin To Net: NetName=NetC15_1 Pin=R9-1
Added Pin To Net: NetName=NetC15_1 Pin=U9-4
Added Pin To Net: NetName=NetC15_1 Pin=U9-8
Added Net: Name=NetC15_1
Added Pin To Net: NetName=NetC16_1 Pin=C16-1
Added Pin To Net: NetName=NetC16_1 Pin=J4-1
Added Pin To Net: NetName=NetC16_1 Pin=U9-5
Added Net: Name=NetC16_1
Added Pin To Net: NetName=NetD3_c Pin=D3-C
Added Pin To Net: NetName=NetD3_c Pin=R10-2
Added Net: Name=NetD3_c
Added Pin To Net: NetName=NetD4_c Pin=D4-C
Added Pin To Net: NetName=NetD4_c Pin=R11-2
Added Net: Name=NetD4_c
Added Pin To Net: NetName=NetJ3_A5 Pin=J3-A5
Added Pin To Net: NetName=NetJ3_A5 Pin=R7-2
Added Net: Name=NetJ3_A5
Added Pin To Net: NetName=NetJ3_B5 Pin=J3-B5
Added Pin To Net: NetName=NetJ3_B5 Pin=R8-1
Added Net: Name=NetJ3_B5
Added Pin To Net: NetName=NetR10_1 Pin=R10-1
Added Pin To Net: NetName=NetR10_1 Pin=U9-6
Added Net: Name=NetR10_1
Added Pin To Net: NetName=NetR11_1 Pin=R11-1
Added Pin To Net: NetName=NetR11_1 Pin=U9-7
Added Net: Name=NetR11_1
Added Pin To Net: NetName=NetR12_1 Pin=R12-1
Added Pin To Net: NetName=NetR12_1 Pin=U9-2
Added Net: Name=NetR12_1
Added Class: Name=SWatch_Schematic_2
Added Room: Name=SWatch_Schematic_2
Added Room: Name=SWatch_Sheematic
