Added Component: Designator=C1(4.3 pF C805)
Add component. Clean all parameters for all variants
Added Component: Designator=C2(4.3 pF C805)
Add component. Clean all parameters for all variants
Added Component: Designator=C3(12pF C805)
Add component. Clean all parameters for all variants
Added Component: Designator=C4(12pF C805)
Add component. Clean all parameters for all variants
Added Component: Designator=C5(100 nF C805)
Add component. Clean all parameters for all variants
Added Component: Designator=C6(10uF C805)
Add component. Clean all parameters for all variants
Added Component: Designator=C7(10uF C805)
Add component. Clean all parameters for all variants
Added Component: Designator=C8(10uF C805)
Add component. Clean all parameters for all variants
Added Component: Designator=D1(red led)
Add component. Clean all parameters for all variants
Added Component: Designator=D2(red led)
Add component. Clean all parameters for all variants
Added Component: Designator=J1(12401832E402A TYPE-C)
Add component. Clean all parameters for all variants
Added Component: Designator=J2(BAT -+)
Add component. Clean all parameters for all variants
Added Component: Designator=R1(1K R805)
Add component. Clean all parameters for all variants
Added Component: Designator=R2(1K R805)
Add component. Clean all parameters for all variants
Added Component: Designator=R3(1K R805)
Add component. Clean all parameters for all variants
Added Component: Designator=R4(1K R805)
Add component. Clean all parameters for all variants
Added Component: Designator=R5(1K R805)
Add component. Clean all parameters for all variants
Added Component: Designator=R6(1.2K R805)
Add component. Clean all parameters for all variants
Added Component: Designator=U1(STM32F411CEU6)
Add component. Clean all parameters for all variants
Added Component: Designator=U2(FPC)
Add component. Clean all parameters for all variants
Added Component: Designator=U3(LD1117DT3.3V)
Add component. Clean all parameters for all variants
Added Component: Designator=U4(ESP8266)
Add component. Clean all parameters for all variants
Added Component: Designator=U5(TP4056)
Add component. Clean all parameters for all variants
Added Component: Designator=Y1(32.768 KHZ RTC)
Add component. Clean all parameters for all variants
Added Component: Designator=Y2(HSE Kristal)
Add component. Clean all parameters for all variants
Added Pin To Net: NetName=3.3V Pin=C6-1
Added Pin To Net: NetName=3.3V Pin=U1-9
Added Pin To Net: NetName=3.3V Pin=U1-14
Added Pin To Net: NetName=3.3V Pin=U1-24
Added Pin To Net: NetName=3.3V Pin=U1-36
Added Pin To Net: NetName=3.3V Pin=U1-48
Added Pin To Net: NetName=3.3V Pin=U2-12
Added Pin To Net: NetName=3.3V Pin=U2-13
Added Pin To Net: NetName=3.3V Pin=U3-4
Added Pin To Net: NetName=3.3V Pin=U4-8
Added Net: Name=3.3V
Added Pin To Net: NetName=GND Pin=C1-1
Added Pin To Net: NetName=GND Pin=C2-1
Added Pin To Net: NetName=GND Pin=C3-1
Added Pin To Net: NetName=GND Pin=C4-1
Added Pin To Net: NetName=GND Pin=C5-2
Added Pin To Net: NetName=GND Pin=C6-2
Added Pin To Net: NetName=GND Pin=C7-2
Added Pin To Net: NetName=GND Pin=C8-2
Added Pin To Net: NetName=GND Pin=J1-A1
Added Pin To Net: NetName=GND Pin=J1-A12
Added Pin To Net: NetName=GND Pin=J1-B1
Added Pin To Net: NetName=GND Pin=J1-B12
Added Pin To Net: NetName=GND Pin=J1-S1
Added Pin To Net: NetName=GND Pin=J1-S2
Added Pin To Net: NetName=GND Pin=J1-S3
Added Pin To Net: NetName=GND Pin=J1-S4
Added Pin To Net: NetName=GND Pin=J2-2
Added Pin To Net: NetName=GND Pin=R1-1
Added Pin To Net: NetName=GND Pin=R2-2
Added Pin To Net: NetName=GND Pin=R6-2
Added Pin To Net: NetName=GND Pin=U1-8
Added Pin To Net: NetName=GND Pin=U1-23
Added Pin To Net: NetName=GND Pin=U1-35
Added Pin To Net: NetName=GND Pin=U1-47
Added Pin To Net: NetName=GND Pin=U2-1
Added Pin To Net: NetName=GND Pin=U2-7
Added Pin To Net: NetName=GND Pin=U2-8
Added Pin To Net: NetName=GND Pin=U2-11
Added Pin To Net: NetName=GND Pin=U2-20
Added Pin To Net: NetName=GND Pin=U3-1
Added Pin To Net: NetName=GND Pin=U4-15
Added Pin To Net: NetName=GND Pin=U5-1
Added Pin To Net: NetName=GND Pin=U5-3
Added Net: Name=GND
Added Pin To Net: NetName=NetC1_2 Pin=C1-2
Added Pin To Net: NetName=NetC1_2 Pin=U1-3
Added Pin To Net: NetName=NetC1_2 Pin=Y1-1
Added Net: Name=NetC1_2
Added Pin To Net: NetName=NetC2_2 Pin=C2-2
Added Pin To Net: NetName=NetC2_2 Pin=U1-4
Added Pin To Net: NetName=NetC2_2 Pin=Y1-2
Added Net: Name=NetC2_2
Added Pin To Net: NetName=NetC3_2 Pin=C3-2
Added Pin To Net: NetName=NetC3_2 Pin=U1-5
Added Pin To Net: NetName=NetC3_2 Pin=Y2-1
Added Net: Name=NetC3_2
Added Pin To Net: NetName=NetC4_2 Pin=C4-2
Added Pin To Net: NetName=NetC4_2 Pin=U1-6
Added Pin To Net: NetName=NetC4_2 Pin=Y2-3
Added Net: Name=NetC4_2
Added Pin To Net: NetName=NetC7_1 Pin=C7-1
Added Pin To Net: NetName=NetC7_1 Pin=D1-A
Added Pin To Net: NetName=NetC7_1 Pin=D2-A
Added Pin To Net: NetName=NetC7_1 Pin=R3-1
Added Pin To Net: NetName=NetC7_1 Pin=U5-4
Added Pin To Net: NetName=NetC7_1 Pin=U5-8
Added Net: Name=NetC7_1
Added Pin To Net: NetName=NetC8_1 Pin=C8-1
Added Pin To Net: NetName=NetC8_1 Pin=J2-1
Added Pin To Net: NetName=NetC8_1 Pin=U5-5
Added Net: Name=NetC8_1
Added Pin To Net: NetName=NetD1_c Pin=D1-C
Added Pin To Net: NetName=NetD1_c Pin=R4-2
Added Net: Name=NetD1_c
Added Pin To Net: NetName=NetD2_c Pin=D2-C
Added Pin To Net: NetName=NetD2_c Pin=R5-2
Added Net: Name=NetD2_c
Added Pin To Net: NetName=NetJ1_A5 Pin=J1-A5
Added Pin To Net: NetName=NetJ1_A5 Pin=R1-2
Added Net: Name=NetJ1_A5
Added Pin To Net: NetName=NetJ1_A6 Pin=J1-A6
Added Pin To Net: NetName=NetJ1_A6 Pin=J1-B6
Added Pin To Net: NetName=NetJ1_A6 Pin=U1-34
Added Net: Name=NetJ1_A6
Added Pin To Net: NetName=NetJ1_A7 Pin=J1-A7
Added Pin To Net: NetName=NetJ1_A7 Pin=J1-B7
Added Pin To Net: NetName=NetJ1_A7 Pin=U1-37
Added Net: Name=NetJ1_A7
Added Pin To Net: NetName=NetJ1_B5 Pin=J1-B5
Added Pin To Net: NetName=NetJ1_B5 Pin=R2-1
Added Net: Name=NetJ1_B5
Added Pin To Net: NetName=NetR4_1 Pin=R4-1
Added Pin To Net: NetName=NetR4_1 Pin=U5-6
Added Net: Name=NetR4_1
Added Pin To Net: NetName=NetR5_1 Pin=R5-1
Added Pin To Net: NetName=NetR5_1 Pin=U5-7
Added Net: Name=NetR5_1
Added Pin To Net: NetName=NetR6_1 Pin=R6-1
Added Pin To Net: NetName=NetR6_1 Pin=U5-2
Added Net: Name=NetR6_1
Added Pin To Net: NetName=NetU1_11 Pin=U1-11
Added Pin To Net: NetName=NetU1_11 Pin=U2-16
Added Net: Name=NetU1_11
Added Pin To Net: NetName=NetU1_12 Pin=U1-12
Added Pin To Net: NetName=NetU1_12 Pin=U2-15
Added Net: Name=NetU1_12
Added Pin To Net: NetName=NetU1_13 Pin=U1-13
Added Pin To Net: NetName=NetU1_13 Pin=U2-14
Added Net: Name=NetU1_13
Added Pin To Net: NetName=NetU1_15 Pin=U1-15
Added Pin To Net: NetName=NetU1_15 Pin=U2-18
Added Net: Name=NetU1_15
Added Pin To Net: NetName=NetU1_17 Pin=U1-17
Added Pin To Net: NetName=NetU1_17 Pin=U2-17
Added Net: Name=NetU1_17
Added Pin To Net: NetName=NetU1_30 Pin=U1-30
Added Pin To Net: NetName=NetU1_30 Pin=U4-22
Added Net: Name=NetU1_30
Added Pin To Net: NetName=NetU1_31 Pin=U1-31
Added Pin To Net: NetName=NetU1_31 Pin=U4-21
Added Net: Name=NetU1_31
Added Pin To Net: NetName=NetU1_42 Pin=U1-42
Added Pin To Net: NetName=NetU1_42 Pin=U2-6
Added Net: Name=NetU1_42
Added Pin To Net: NetName=NetU1_43 Pin=U1-43
Added Pin To Net: NetName=NetU1_43 Pin=U2-5
Added Net: Name=NetU1_43
Added Pin To Net: NetName=NetU2_2 Pin=U2-2
Added Net: Name=NetU2_2
Added Pin To Net: NetName=NetU2_3 Pin=U2-3
Added Net: Name=NetU2_3
Added Pin To Net: NetName=NetU2_4 Pin=U2-4
Added Net: Name=NetU2_4
Added Pin To Net: NetName=USB_VBUS Pin=J1-A4
Added Pin To Net: NetName=USB_VBUS Pin=J1-A9
Added Pin To Net: NetName=USB_VBUS Pin=J1-B4
Added Pin To Net: NetName=USB_VBUS Pin=J1-B9
Added Pin To Net: NetName=USB_VBUS Pin=R3-2
Added Net: Name=USB_VBUS
Added Pin To Net: NetName=VBAT Pin=C5-1
Added Pin To Net: NetName=VBAT Pin=U3-3
Added Net: Name=VBAT
Added Class: Name=SWatch_Schematic_1
Added Class: Name=SWatch_Schematic_2
Added Room: Name=SWatch_Schematic_1
Added Room: Name=SWatch_Schematic_2
